[2m2026-01-06T23:46:44.812734Z[0m [32m INFO[0m [2madcp::platform[0m[2m:[0m platform-specific service descriptor available [3mtemplate[0m[2m=[0m"[Unit]\nDescription=ADCP acquisition service\nAfter=network.target\n\n[Service]\nExecStart=/usr/local/bin/adcp --config /etc/adcp/adcp.toml\nRestart=on-failure\n\n[Install]\nWantedBy=multi-user.target\n"
[2m2026-01-06T23:46:44.820460Z[0m [33m WARN[0m [2madcp::service[0m[2m:[0m heartbeat stale — restarting job [3mheartbeat[0m[2m=[0m./deployment/tmp/adcp_adcp-simulator_hb
[2m2026-01-06T23:46:44.820788Z[0m [33m WARN[0m [2madcp::service[0m[2m:[0m heartbeat stale — restarting job [3mheartbeat[0m[2m=[0m./deployment/tmp/adcp_adcp-processor_hb
[2m2026-01-06T23:46:44.820824Z[0m [33m WARN[0m [2madcp::service[0m[2m:[0m heartbeat stale — restarting job [3mheartbeat[0m[2m=[0m./deployment/tmp/adcp_adcp-recorder_hb
[2m2026-01-06T23:46:44.821495Z[0m [32m INFO[0m [2madcp::service[0m[2m:[0m restarted job [3mcmd[0m[2m=[0m./deployment/tmp/processor.toml
[2m2026-01-06T23:46:44.821795Z[0m [32m INFO[0m [2madcp::service[0m[2m:[0m restarted job [3mcmd[0m[2m=[0m./deployment/tmp/simulator.toml
[2m2026-01-06T23:46:44.822044Z[0m [32m INFO[0m [2madcp::service[0m[2m:[0m restarted job [3mcmd[0m[2m=[0m./deployment/tmp/recorder.toml
[2m2026-01-06T23:46:44.826819Z[0m [32m INFO[0m [2madcp::platform[0m[2m:[0m platform-specific service descriptor available [3mtemplate[0m[2m=[0m"[Unit]\nDescription=ADCP acquisition service\nAfter=network.target\n\n[Service]\nExecStart=/usr/local/bin/adcp --config /etc/adcp/adcp.toml\nRestart=on-failure\n\n[Install]\nWantedBy=multi-user.target\n"
[2m2026-01-06T23:46:44.827254Z[0m [32m INFO[0m [2madcp::service[0m[2m:[0m serial capture starting [3mservice[0m[2m=[0madcp-recorder [3mdata_dir[0m[2m=[0m./deployment/data [3mport[0m[2m=[0m./deployment/tmp/adcp_fifo
[2m2026-01-06T23:46:44.828415Z[0m [32m INFO[0m [2madcp::metrics[0m[2m:[0m health heartbeat [3mservice[0m[2m=[0madcp-recorder [3mframes[0m[2m=[0m0 [3mparse_errors[0m[2m=[0m0 [3mpersistence_errors[0m[2m=[0m0
[2m2026-01-06T23:46:44.828442Z[0m [32m INFO[0m [2madcp::platform[0m[2m:[0m platform-specific service descriptor available [3mtemplate[0m[2m=[0m"[Unit]\nDescription=ADCP acquisition service\nAfter=network.target\n\n[Service]\nExecStart=/usr/local/bin/adcp --config /etc/adcp/adcp.toml\nRestart=on-failure\n\n[Install]\nWantedBy=multi-user.target\n"
[2m2026-01-06T23:46:44.829773Z[0m [32m INFO[0m [2madcp::metrics[0m[2m:[0m health heartbeat [3mservice[0m[2m=[0madcp-processor [3mframes[0m[2m=[0m0 [3mparse_errors[0m[2m=[0m0 [3mpersistence_errors[0m[2m=[0m0
[2m2026-01-06T23:46:44.830620Z[0m [32m INFO[0m [2madcp::platform[0m[2m:[0m platform-specific service descriptor available [3mtemplate[0m[2m=[0m"[Unit]\nDescription=ADCP acquisition service\nAfter=network.target\n\n[Service]\nExecStart=/usr/local/bin/adcp --config /etc/adcp/adcp.toml\nRestart=on-failure\n\n[Install]\nWantedBy=multi-user.target\n"
[2m2026-01-06T23:46:49.503036Z[0m [33m WARN[0m [2madcp::service[0m[2m:[0m serial port closed [3mservice[0m[2m=[0madcp-recorder
[2m2026-01-06T23:46:50.503810Z[0m [33m WARN[0m [2madcp::service[0m[2m:[0m serial port closed [3mservice[0m[2m=[0madcp-recorder
[2m2026-01-06T23:46:51.505215Z[0m [33m WARN[0m [2madcp::service[0m[2m:[0m serial port closed [3mservice[0m[2m=[0madcp-recorder
[2m2026-01-06T23:46:52.507418Z[0m [33m WARN[0m [2madcp::service[0m[2m:[0m serial port closed [3mservice[0m[2m=[0madcp-recorder
[2m2026-01-06T23:46:52.814072Z[0m [32m INFO[0m [2madcp::service[0m[2m:[0m orchestrator shutting down
[2m2026-01-06T23:46:52.817878Z[0m [32m INFO[0m [2madcp::service[0m[2m:[0m removed leftover writing marker (orchestrator shutdown) [3mmarker[0m[2m=[0m2026-01-06.raw.writing [3mfolder[0m[2m=[0m./deployment/to_process
[2m2026-01-06T23:46:52.818493Z[0m [32m INFO[0m [2madcp::service[0m[2m:[0m moved raw file to processed (orchestrator shutdown) [3mfile[0m[2m=[0m2026-01-06.raw
